<?xml version="1.0" encoding="UTF-8"?>
<!-- Generated by org.testng.reporters.JUnitXMLReporter -->
<testsuite hostname="LAPTOP-DNHRTNE3" name="Default test" tests="3" failures="0" timestamp="28 Dec 2019 03:04:05 GMT" time="59.092" errors="0">
  <testcase name="SignOnLink" time="5.23" classname="Dec27.TestNG_Annotations_BeforeMethod_Project_with_Priority"/>
  <testcase name="HotelsLink" time="5.182" classname="Dec27.TestNG_Annotations_BeforeMethod_Project_with_Priority"/>
  <testcase name="HotelsLink" time="5.206" classname="Dec27.TestNG_Annotations_BeforeMethod_Project_with_Priority"/>
</testsuite> <!-- Default test -->
